<?xml version="1.0" encoding="UTF-8"?>
<!-- Generated by org.testng.reporters.JUnitReportReporter -->
<testsuite hostname="kparve13" failures="0" tests="1" name="com.training.sanity.tests.Loginsecond" time="23.619" errors="0" timestamp="2020-01-31T16:44:56 IST" skipped="0">
  <testcase classname="com.training.sanity.tests.Loginsecond" name="validLoginTest" time="23.619"/>
</testsuite> <!-- com.training.sanity.tests.Loginsecond -->
