<?xml version="1.0" encoding="UTF-8"?>
<!-- Generated by org.testng.reporters.JUnitReportReporter -->
<testsuite hostname="kparve13" failures="0" tests="2" name="com.training.sanity.tests.PomLoginTest" time="20.424" errors="0" timestamp="2020-01-31T16:44:13 IST" skipped="0">
  <testcase classname="com.training.sanity.tests.PomLoginTest" name="validLoginTest" time="3.674"/>
  <testcase classname="com.training.sanity.tests.PomLoginTest" name="admin" time="16.750"/>
</testsuite> <!-- com.training.sanity.tests.PomLoginTest -->
