<?xml version="1.0" encoding="UTF-8"?>
<!-- Generated by org.testng.reporters.JUnitReportReporter -->
<testsuite hostname="kparve13" failures="0" tests="2" name="com.training.sanity.tests.fifthTestcase" time="11.838" errors="0" timestamp="2020-01-31T16:40:25 IST" skipped="0">
  <testcase classname="com.training.sanity.tests.fifthTestcase" name="validLoginTest" time="3.167"/>
  <testcase classname="com.training.sanity.tests.fifthTestcase" name="addCourse" time="8.671"/>
</testsuite> <!-- com.training.sanity.tests.fifthTestcase -->
