<?xml version="1.0" encoding="UTF-8"?>
<!-- Generated by org.testng.reporters.JUnitReportReporter -->
<testsuite hostname="kparve13" failures="0" tests="1" name="com.training.sanity.tests.testforth15" time="19.917" errors="0" timestamp="2020-01-31T16:47:37 IST" skipped="0">
  <testcase classname="com.training.sanity.tests.testforth15" name="validLoginTest" time="19.917"/>
</testsuite> <!-- com.training.sanity.tests.testforth15 -->
