<?xml version="1.0" encoding="UTF-8"?>
<!-- Generated by org.testng.reporters.JUnitReportReporter -->
<testsuite hostname="kparve13" failures="0" tests="1" name="com.training.sanity.tests.LoginTests" time="26.385" errors="0" timestamp="2020-01-29T09:55:02 IST" skipped="0">
  <testcase classname="com.training.sanity.tests.LoginTests" name="validLoginTest" time="26.385"/>
</testsuite> <!-- com.training.sanity.tests.LoginTests -->
