<?xml version="1.0" encoding="UTF-8"?>
<!-- Generated by org.testng.reporters.JUnitReportReporter -->
<testsuite hostname="kparve13" failures="0" tests="1" name="com.training.sanity.tests.test3case" time="29.783" errors="0" timestamp="2020-01-31T16:45:39 IST" skipped="0">
  <testcase classname="com.training.sanity.tests.test3case" name="validLoginTest" time="29.783"/>
</testsuite> <!-- com.training.sanity.tests.test3case -->
