<?xml version="1.0" encoding="UTF-8"?>
<!-- Generated by org.testng.reporters.JUnitReportReporter -->
<testsuite hostname="kparve13" failures="0" tests="1" name="com.training.sanity.tests.Loginsecond" time="26.251" errors="0" timestamp="2020-01-30T11:35:50 IST" skipped="0">
  <testcase classname="com.training.sanity.tests.Loginsecond" name="validLoginTest" time="26.251"/>
</testsuite> <!-- com.training.sanity.tests.Loginsecond -->
