<?xml version="1.0" encoding="UTF-8"?>
<!-- Generated by org.testng.reporters.JUnitReportReporter -->
<testsuite hostname="kparve13" failures="0" tests="2" name="com.training.sanity.tests.PomLoginTest" time="13.369" errors="0" timestamp="2020-01-30T10:33:31 IST" skipped="0">
  <testcase classname="com.training.sanity.tests.PomLoginTest" name="validLoginTest" time="5.354"/>
  <testcase classname="com.training.sanity.tests.PomLoginTest" name="admin" time="8.015"/>
</testsuite> <!-- com.training.sanity.tests.PomLoginTest -->
