<?xml version="1.0" encoding="UTF-8"?>
<!-- Generated by org.testng.reporters.JUnitReportReporter -->
<testsuite hostname="kparve13" failures="0" tests="1" name="com.training.sanity.tests.testforth15" time="47.997" errors="0" timestamp="2020-01-30T14:17:17 IST" skipped="0">
  <testcase classname="com.training.sanity.tests.testforth15" name="validLoginTest" time="47.997"/>
</testsuite> <!-- com.training.sanity.tests.testforth15 -->
